Using pre-set license
Built from '2020.2/release' branch; Version is '2020.2.2f1 (068178b99f32) revision 426360'; Using compiler version '192528614'; Build Type 'Release'
OS: 'Windows 10 Pro; OS build 19041.928; Version 2004; 64bit' Language: 'en' Physical Memory: 10126 MB
BatchMode: 1, IsHumanControllingUs: 0, StartBugReporterOnCrash: 0, Is64bit: 1, IsPro: 0

 COMMAND LINE ARGUMENTS:
C:\Program Files\Unity\Hub\Editor\2020.2.2f1\Editor\Unity.exe
-adb2
-batchMode
-noUpm
-name
AssetImportWorker2
-projectPath
C:/Users/PC/Desktop/MW/BeachWorld/TennisGame/TennisGame
-logFile
Logs/AssetImportWorker2.log
-srvPort
63202
Successfully changed project path to: C:/Users/PC/Desktop/MW/BeachWorld/TennisGame/TennisGame
C:/Users/PC/Desktop/MW/BeachWorld/TennisGame/TennisGame
Using Asset Import Pipeline V2.
Refreshing native plugins compatible for Editor in 162.90 ms, found 0 plugins.
Preloading 0 native plugins for Editor in 0.00 ms.
Initialize engine version: 2020.2.2f1 (068178b99f32)
[Subsystems] Discovering subsystems at path C:/Program Files/Unity/Hub/Editor/2020.2.2f1/Editor/Data/Resources/UnitySubsystems
[Subsystems] Discovering subsystems at path C:/Users/PC/Desktop/MW/BeachWorld/TennisGame/TennisGame/Assets
GfxDevice: creating device client; threaded=0
Direct3D:
    Version:  Direct3D 11.0 [level 11.1]
    Renderer: NVIDIA GeForce GTX 1050 Ti (ID=0x1c82)
    Vendor:   
    VRAM:     4018 MB
    Driver:   27.21.14.6192
Initialize mono
Mono path[0] = 'C:/Program Files/Unity/Hub/Editor/2020.2.2f1/Editor/Data/Managed'
Mono path[1] = 'C:/Program Files/Unity/Hub/Editor/2020.2.2f1/Editor/Data/MonoBleedingEdge/lib/mono/unityjit'
Mono config path = 'C:/Program Files/Unity/Hub/Editor/2020.2.2f1/Editor/Data/MonoBleedingEdge/etc'
Using monoOptions --debugger-agent=transport=dt_socket,embedding=1,server=y,suspend=n,address=127.0.0.1:56916
Begin MonoManager ReloadAssembly
Registering precompiled unity dll's ...
Register platform support module: C:/Program Files/Unity/Hub/Editor/2020.2.2f1/Editor/Data/PlaybackEngines/WindowsStandaloneSupport/UnityEditor.WindowsStandalone.Extensions.dll
Registered in 0.012576 seconds.
Native extension for WindowsStandalone target not found
Refreshing native plugins compatible for Editor in 82.75 ms, found 0 plugins.
Preloading 0 native plugins for Editor in 0.00 ms.
Invoked RoslynAnalysisRunner static constructor.
RoslynAnalysisRunner will not be running.
RoslynAnalysisRunner has terminated.
Mono: successfully reloaded assembly
- Completed reload, in  2.847 seconds
Platform modules already initialized, skipping
Registering precompiled user dll's ...
Registered in 0.002440 seconds.
Begin MonoManager ReloadAssembly
Native extension for WindowsStandalone target not found
Refreshing native plugins compatible for Editor in 0.93 ms, found 0 plugins.
Preloading 0 native plugins for Editor in 0.00 ms.
Invoked RoslynAnalysisRunner static constructor.
RoslynAnalysisRunner will not be running.
RoslynAnalysisRunner has terminated.
Mono: successfully reloaded assembly
- Completed reload, in  1.231 seconds
Platform modules already initialized, skipping
========================================================================
Worker process is ready to serve import requests
Launched and connected shader compiler UnityShaderCompiler.exe after 0.10 seconds
Refreshing native plugins compatible for Editor in 0.76 ms, found 0 plugins.
Preloading 0 native plugins for Editor in 0.00 ms.
Unloading 7 Unused Serialized files (Serialized files now loaded: 0)
System memory in use before: 29.1 MB.
System memory in use after: 29.1 MB.

Unloading 2 unused Assets to reduce memory usage. Loaded Objects now: 455.
Total: 2.850700 ms (FindLiveObjects: 0.091000 ms CreateObjectMapping: 0.008200 ms MarkObjects: 2.674100 ms  DeleteObjects: 0.076000 ms)

========================================================================
Received Import Request.
  path: Assets/NetBounce.physicMaterial
  artifactKey: Guid(6a45396d00880e741ac25b6cfa0a4961) Importer(815301076,1909f56bfc062723c751e8b465ee728b)
Start importing Assets/NetBounce.physicMaterial using Guid(6a45396d00880e741ac25b6cfa0a4961) Importer(815301076,1909f56bfc062723c751e8b465ee728b)  -> (artifact id: '88576a74038771cb0cd81742b492918c') in 0.215859 seconds
  Import took 0.220108 seconds .

========================================================================
Received Import Request.
  Time since last request: 0.000225 seconds.
  path: Assets/Trophies_and_coins_set04_single_04.wav
  artifactKey: Guid(588da603403fe9b4a87f93e4b0ac37ff) Importer(815301076,1909f56bfc062723c751e8b465ee728b)
Start importing Assets/Trophies_and_coins_set04_single_04.wav using Guid(588da603403fe9b4a87f93e4b0ac37ff) Importer(815301076,1909f56bfc062723c751e8b465ee728b)  -> (artifact id: 'd8c96d3f626e6df49a0918632e0cf33f') in 0.037818 seconds
  Import took 0.054534 seconds .

AssetImportWorkerClient::OnTransportError - code=2 error=End of file
