Using pre-set license
Built from '2020.2/release' branch; Version is '2020.2.2f1 (068178b99f32) revision 426360'; Using compiler version '192528614'; Build Type 'Release'
OS: 'Windows 10 Home; OS build 19041.928; Version 2004; 64bit' Language: 'en' Physical Memory: 16275 MB
BatchMode: 1, IsHumanControllingUs: 0, StartBugReporterOnCrash: 0, Is64bit: 1, IsPro: 0

 COMMAND LINE ARGUMENTS:
C:\Program Files\Unity\Editor\Unity.exe
-adb2
-batchMode
-noUpm
-name
AssetImportWorker0
-projectPath
C:/Users/TC/Desktop/CS461 Computer Game Programming/Projects/TennisGame/TennisGame/TennisGame
-logFile
Logs/AssetImportWorker0.log
-srvPort
56055
Successfully changed project path to: C:/Users/TC/Desktop/CS461 Computer Game Programming/Projects/TennisGame/TennisGame/TennisGame
C:/Users/TC/Desktop/CS461 Computer Game Programming/Projects/TennisGame/TennisGame/TennisGame
Using Asset Import Pipeline V2.
Refreshing native plugins compatible for Editor in 39.78 ms, found 0 plugins.
Preloading 0 native plugins for Editor in 0.00 ms.
Initialize engine version: 2020.2.2f1 (068178b99f32)
[Subsystems] Discovering subsystems at path C:/Program Files/Unity/Editor/Data/Resources/UnitySubsystems
[Subsystems] Discovering subsystems at path C:/Users/TC/Desktop/CS461 Computer Game Programming/Projects/TennisGame/TennisGame/TennisGame/Assets
GfxDevice: creating device client; threaded=0
Direct3D:
    Version:  Direct3D 11.0 [level 11.1]
    Renderer: NVIDIA GeForce GTX 1060 (ID=0x1c20)
    Vendor:   
    VRAM:     6061 MB
    Driver:   23.21.13.8873
Initialize mono
Mono path[0] = 'C:/Program Files/Unity/Editor/Data/Managed'
Mono path[1] = 'C:/Program Files/Unity/Editor/Data/MonoBleedingEdge/lib/mono/unityjit'
Mono config path = 'C:/Program Files/Unity/Editor/Data/MonoBleedingEdge/etc'
Using monoOptions --debugger-agent=transport=dt_socket,embedding=1,server=y,suspend=n,address=127.0.0.1:56124
Begin MonoManager ReloadAssembly
Registering precompiled unity dll's ...
Register platform support module: C:/Program Files/Unity/Editor/Data/PlaybackEngines/WindowsStandaloneSupport/UnityEditor.WindowsStandalone.Extensions.dll
Registered in 0.002307 seconds.
Native extension for WindowsStandalone target not found
Refreshing native plugins compatible for Editor in 40.85 ms, found 0 plugins.
Preloading 0 native plugins for Editor in 0.00 ms.
Invoked RoslynAnalysisRunner static constructor.
RoslynAnalysisRunner will not be running.
RoslynAnalysisRunner has terminated.
Mono: successfully reloaded assembly
- Completed reload, in  1.160 seconds
Platform modules already initialized, skipping
Registering precompiled user dll's ...
Registered in 0.002001 seconds.
Begin MonoManager ReloadAssembly
Native extension for WindowsStandalone target not found
Refreshing native plugins compatible for Editor in 0.35 ms, found 0 plugins.
Preloading 0 native plugins for Editor in 0.00 ms.
Invoked RoslynAnalysisRunner static constructor.
RoslynAnalysisRunner will not be running.
RoslynAnalysisRunner has terminated.
Mono: successfully reloaded assembly
- Completed reload, in  0.927 seconds
Platform modules already initialized, skipping
========================================================================
Worker process is ready to serve import requests
Launched and connected shader compiler UnityShaderCompiler.exe after 0.05 seconds
Refreshing native plugins compatible for Editor in 0.35 ms, found 0 plugins.
Preloading 0 native plugins for Editor in 0.00 ms.
Unloading 1278 Unused Serialized files (Serialized files now loaded: 0)
System memory in use before: 76.2 MB.
System memory in use after: 76.3 MB.

Unloading 11 unused Assets to reduce memory usage. Loaded Objects now: 1729.
Total: 1.848500 ms (FindLiveObjects: 0.157600 ms CreateObjectMapping: 0.082800 ms MarkObjects: 1.497400 ms  DeleteObjects: 0.109700 ms)

========================================================================
Received Import Request.
  path: Assets/Scenes/New Material.mat
  artifactKey: Guid(7b141a1b14aedab4c9adfcf27ccfad0c) Importer(815301076,1909f56bfc062723c751e8b465ee728b)
Start importing Assets/Scenes/New Material.mat using Guid(7b141a1b14aedab4c9adfcf27ccfad0c) Importer(815301076,1909f56bfc062723c751e8b465ee728b)  -> (artifact id: 'd3a52ab126260e7d141198ece9aa24a2') in 0.375501 seconds
  Import took 0.378197 seconds .

========================================================================
Received Prepare
Registering precompiled user dll's ...
Registered in 0.002926 seconds.
Begin MonoManager ReloadAssembly
Native extension for WindowsStandalone target not found
Refreshing native plugins compatible for Editor in 0.40 ms, found 0 plugins.
Preloading 0 native plugins for Editor in 0.00 ms.
Invoked RoslynAnalysisRunner static constructor.
RoslynAnalysisRunner will not be running.
RoslynAnalysisRunner has terminated.
Mono: successfully reloaded assembly
- Completed reload, in  1.008 seconds
Platform modules already initialized, skipping
Refreshing native plugins compatible for Editor in 0.37 ms, found 0 plugins.
Preloading 0 native plugins for Editor in 0.00 ms.
Unloading 1227 Unused Serialized files (Serialized files now loaded: 0)
System memory in use before: 76.1 MB.
System memory in use after: 76.2 MB.

Unloading 6 unused Assets to reduce memory usage. Loaded Objects now: 1772.
Total: 2.105500 ms (FindLiveObjects: 0.177400 ms CreateObjectMapping: 0.062700 ms MarkObjects: 1.846500 ms  DeleteObjects: 0.017300 ms)

========================================================================
Received Import Request.
  Time since last request: 151.076426 seconds.
  path: Assets/Prefab/ball.prefab
  artifactKey: Guid(b1cb3da748f1e5e4b9f3ae44020fedec) Importer(815301076,1909f56bfc062723c751e8b465ee728b)
Start importing Assets/Prefab/ball.prefab using Guid(b1cb3da748f1e5e4b9f3ae44020fedec) Importer(815301076,1909f56bfc062723c751e8b465ee728b)  -> (artifact id: '88df1f18b98786385e82605c23d5f9a6') in 0.089224 seconds
  Import took 0.092362 seconds .

========================================================================
Received Import Request.
  Time since last request: 0.000380 seconds.
  path: Assets/Prefab/bounce.physicMaterial
  artifactKey: Guid(9a8f37c2645a7a249888d5d435072a95) Importer(815301076,1909f56bfc062723c751e8b465ee728b)
Start importing Assets/Prefab/bounce.physicMaterial using Guid(9a8f37c2645a7a249888d5d435072a95) Importer(815301076,1909f56bfc062723c751e8b465ee728b)  -> (artifact id: 'cc8f4b233725d163fe1facffee004134') in 0.016038 seconds
  Import took 0.018988 seconds .

========================================================================
Received Import Request.
  Time since last request: 0.000306 seconds.
  path: Assets/Prefab/player.prefab
  artifactKey: Guid(cd69fadfcc8b74240915b29af9a5b0ea) Importer(815301076,1909f56bfc062723c751e8b465ee728b)
Start importing Assets/Prefab/player.prefab using Guid(cd69fadfcc8b74240915b29af9a5b0ea) Importer(815301076,1909f56bfc062723c751e8b465ee728b)  -> (artifact id: 'e42826ee2014be1f101796bb4daae9c0') in 0.033231 seconds
  Import took 0.038157 seconds .

========================================================================
Received Import Request.
  Time since last request: 0.000395 seconds.
  path: Assets/Prefab/lamp.prefab
  artifactKey: Guid(d4d1925188dad3e4cb63edea4134406e) Importer(815301076,1909f56bfc062723c751e8b465ee728b)
Start importing Assets/Prefab/lamp.prefab using Guid(d4d1925188dad3e4cb63edea4134406e) Importer(815301076,1909f56bfc062723c751e8b465ee728b)  -> (artifact id: 'e244ae39b5fbb7d0c15ef189342c0b47') in 0.037917 seconds
  Import took 0.040989 seconds .

========================================================================
Received Import Request.
  Time since last request: 2.815498 seconds.
  path: Assets/Prefab/LoseTextDesert.prefab
  artifactKey: Guid(92156ba664eac8c4996df11d4689d9b4) Importer(815301076,1909f56bfc062723c751e8b465ee728b)
Start importing Assets/Prefab/LoseTextDesert.prefab using Guid(92156ba664eac8c4996df11d4689d9b4) Importer(815301076,1909f56bfc062723c751e8b465ee728b)  -> (artifact id: 'cf0a7821edceb7e580977fb89dc41fa0') in 0.014036 seconds
  Import took 0.017896 seconds .

========================================================================
Received Import Request.
  Time since last request: 0.000291 seconds.
  path: Assets/Prefab/StartText.prefab
  artifactKey: Guid(67e6120659e4f444793974ff0c2d27ca) Importer(815301076,1909f56bfc062723c751e8b465ee728b)
Start importing Assets/Prefab/StartText.prefab using Guid(67e6120659e4f444793974ff0c2d27ca) Importer(815301076,1909f56bfc062723c751e8b465ee728b)  -> (artifact id: '7e87da22396529fb8f2fa3fc1c019b96') in 0.012504 seconds
  Import took 0.015700 seconds .

========================================================================
Received Import Request.
  Time since last request: 0.000337 seconds.
  path: Assets/Prefab/WinTextDesert.prefab
  artifactKey: Guid(bec546561ec21c948bc0a969a2d986a6) Importer(815301076,1909f56bfc062723c751e8b465ee728b)
Start importing Assets/Prefab/WinTextDesert.prefab using Guid(bec546561ec21c948bc0a969a2d986a6) Importer(815301076,1909f56bfc062723c751e8b465ee728b)  -> (artifact id: '5a145bc28ff97b740582db70941e2814') in 0.013327 seconds
  Import took 0.017685 seconds .

========================================================================
Received Import Request.
  Time since last request: 0.000388 seconds.
  path: Assets/Prefab/UIDesert.prefab
  artifactKey: Guid(4128ae6b6dd8d30428d8333c5c781151) Importer(815301076,1909f56bfc062723c751e8b465ee728b)
Start importing Assets/Prefab/UIDesert.prefab using Guid(4128ae6b6dd8d30428d8333c5c781151) Importer(815301076,1909f56bfc062723c751e8b465ee728b)  -> (artifact id: 'e102e29d1aa2e3b9cfeac32c91a2b179') in 0.056999 seconds
  Import took 0.061927 seconds .

========================================================================
Received Import Request.
  Time since last request: 47.191636 seconds.
  path: Assets/Prefab/LevelManager.prefab
  artifactKey: Guid(936a35334af1e084aacae5c722b3d5b1) Importer(815301076,1909f56bfc062723c751e8b465ee728b)
Start importing Assets/Prefab/LevelManager.prefab using Guid(936a35334af1e084aacae5c722b3d5b1) Importer(815301076,1909f56bfc062723c751e8b465ee728b)  -> (artifact id: 'c0096fe2f4cbb748a214b21481c99753') in 0.009303 seconds
  Import took 0.011854 seconds .

========================================================================
Received Import Request.
  Time since last request: 284.149054 seconds.
  path: Assets/Scripts/Todo.cs
  artifactKey: Guid(71839330d39f439409266d8ffb869e63) Importer(815301076,1909f56bfc062723c751e8b465ee728b)
Start importing Assets/Scripts/Todo.cs using Guid(71839330d39f439409266d8ffb869e63) Importer(815301076,1909f56bfc062723c751e8b465ee728b)  -> (artifact id: 'f7852a90e9492ba390121965780af82a') in 0.015353 seconds
  Import took 0.019113 seconds .

========================================================================
Received Prepare
Registering precompiled user dll's ...
Registered in 0.002900 seconds.
Begin MonoManager ReloadAssembly
Native extension for WindowsStandalone target not found
Refreshing native plugins compatible for Editor in 0.36 ms, found 0 plugins.
Preloading 0 native plugins for Editor in 0.00 ms.
Invoked RoslynAnalysisRunner static constructor.
RoslynAnalysisRunner will not be running.
RoslynAnalysisRunner has terminated.
Mono: successfully reloaded assembly
- Completed reload, in  1.067 seconds
Platform modules already initialized, skipping
Refreshing native plugins compatible for Editor in 0.36 ms, found 0 plugins.
Preloading 0 native plugins for Editor in 0.00 ms.
Unloading 1228 Unused Serialized files (Serialized files now loaded: 0)
System memory in use before: 77.4 MB.
System memory in use after: 77.5 MB.

Unloading 7 unused Assets to reduce memory usage. Loaded Objects now: 1781.
Total: 2.681100 ms (FindLiveObjects: 0.155100 ms CreateObjectMapping: 0.048800 ms MarkObjects: 2.437000 ms  DeleteObjects: 0.038600 ms)

========================================================================
Received Import Request.
  Time since last request: 22.676193 seconds.
  path: Assets/Scripts/LevelManagerDesert.cs
  artifactKey: Guid(a2a4aa6a455d70f4d89ae7f1a1c6db8d) Importer(815301076,1909f56bfc062723c751e8b465ee728b)
Start importing Assets/Scripts/LevelManagerDesert.cs using Guid(a2a4aa6a455d70f4d89ae7f1a1c6db8d) Importer(815301076,1909f56bfc062723c751e8b465ee728b)  -> (artifact id: '0ddc77a6d62aca234c06c3eec2d74d8a') in 0.013988 seconds
  Import took 0.017207 seconds .

========================================================================
Received Import Request.
  Time since last request: 7.533875 seconds.
  path: Assets/Scripts/LevelManagerBeach.cs
  artifactKey: Guid(a2a4aa6a455d70f4d89ae7f1a1c6db8d) Importer(815301076,1909f56bfc062723c751e8b465ee728b)
Start importing Assets/Scripts/LevelManagerBeach.cs using Guid(a2a4aa6a455d70f4d89ae7f1a1c6db8d) Importer(815301076,1909f56bfc062723c751e8b465ee728b)  -> (artifact id: 'e314d615c40fd11ff405af3883a7d358') in 0.013858 seconds
  Import took 0.019328 seconds .

========================================================================
Received Prepare
Registering precompiled user dll's ...
Registered in 0.001973 seconds.
Begin MonoManager ReloadAssembly
Native extension for WindowsStandalone target not found
Refreshing native plugins compatible for Editor in 0.40 ms, found 0 plugins.
Preloading 0 native plugins for Editor in 0.00 ms.
Invoked RoslynAnalysisRunner static constructor.
RoslynAnalysisRunner will not be running.
RoslynAnalysisRunner has terminated.
Mono: successfully reloaded assembly
- Completed reload, in  0.949 seconds
Platform modules already initialized, skipping
Refreshing native plugins compatible for Editor in 0.35 ms, found 0 plugins.
Preloading 0 native plugins for Editor in 0.00 ms.
Unloading 1228 Unused Serialized files (Serialized files now loaded: 0)
System memory in use before: 77.4 MB.
System memory in use after: 77.5 MB.

Unloading 6 unused Assets to reduce memory usage. Loaded Objects now: 1784.
Total: 2.705600 ms (FindLiveObjects: 0.210500 ms CreateObjectMapping: 0.072000 ms MarkObjects: 2.404200 ms  DeleteObjects: 0.017000 ms)

========================================================================
Received Prepare
Registering precompiled user dll's ...
Registered in 0.002939 seconds.
Begin MonoManager ReloadAssembly
Native extension for WindowsStandalone target not found
Refreshing native plugins compatible for Editor in 0.40 ms, found 0 plugins.
Preloading 0 native plugins for Editor in 0.00 ms.
Invoked RoslynAnalysisRunner static constructor.
RoslynAnalysisRunner will not be running.
RoslynAnalysisRunner has terminated.
Mono: successfully reloaded assembly
- Completed reload, in  0.978 seconds
Platform modules already initialized, skipping
Refreshing native plugins compatible for Editor in 0.40 ms, found 0 plugins.
Preloading 0 native plugins for Editor in 0.00 ms.
Unloading 1228 Unused Serialized files (Serialized files now loaded: 0)
System memory in use before: 77.3 MB.
System memory in use after: 77.4 MB.

Unloading 6 unused Assets to reduce memory usage. Loaded Objects now: 1787.
Total: 2.433900 ms (FindLiveObjects: 0.339600 ms CreateObjectMapping: 0.139800 ms MarkObjects: 1.920300 ms  DeleteObjects: 0.032400 ms)

========================================================================
Received Import Request.
  Time since last request: 33.863509 seconds.
  path: Assets/Scripts/LevelManagerBeach.cs
  artifactKey: Guid(a2a4aa6a455d70f4d89ae7f1a1c6db8d) Importer(815301076,1909f56bfc062723c751e8b465ee728b)
Start importing Assets/Scripts/LevelManagerBeach.cs using Guid(a2a4aa6a455d70f4d89ae7f1a1c6db8d) Importer(815301076,1909f56bfc062723c751e8b465ee728b)  -> (artifact id: '2a37e11cee26551c36f17088fc0fb89a') in 0.009509 seconds
  Import took 0.012629 seconds .

========================================================================
Received Prepare
Registering precompiled user dll's ...
Registered in 0.002057 seconds.
Begin MonoManager ReloadAssembly
Native extension for WindowsStandalone target not found
Refreshing native plugins compatible for Editor in 0.52 ms, found 0 plugins.
Preloading 0 native plugins for Editor in 0.00 ms.
Invoked RoslynAnalysisRunner static constructor.
RoslynAnalysisRunner will not be running.
RoslynAnalysisRunner has terminated.
Mono: successfully reloaded assembly
- Completed reload, in  0.925 seconds
Platform modules already initialized, skipping
Refreshing native plugins compatible for Editor in 0.39 ms, found 0 plugins.
Preloading 0 native plugins for Editor in 0.00 ms.
Unloading 1228 Unused Serialized files (Serialized files now loaded: 0)
System memory in use before: 77.4 MB.
System memory in use after: 77.5 MB.

Unloading 6 unused Assets to reduce memory usage. Loaded Objects now: 1790.
Total: 2.096100 ms (FindLiveObjects: 0.269700 ms CreateObjectMapping: 0.093600 ms MarkObjects: 1.695300 ms  DeleteObjects: 0.035500 ms)

========================================================================
Received Import Request.
  Time since last request: 35.059477 seconds.
  path: Assets/Scripts/LevelManagerBeach.cs
  artifactKey: Guid(a2a4aa6a455d70f4d89ae7f1a1c6db8d) Importer(815301076,1909f56bfc062723c751e8b465ee728b)
Start importing Assets/Scripts/LevelManagerBeach.cs using Guid(a2a4aa6a455d70f4d89ae7f1a1c6db8d) Importer(815301076,1909f56bfc062723c751e8b465ee728b)  -> (artifact id: '0310149a07478fc5474a7a7d001e2efa') in 0.008198 seconds
  Import took 0.010876 seconds .

========================================================================
Received Prepare
Registering precompiled user dll's ...
Registered in 0.002089 seconds.
Begin MonoManager ReloadAssembly
Native extension for WindowsStandalone target not found
Refreshing native plugins compatible for Editor in 0.36 ms, found 0 plugins.
Preloading 0 native plugins for Editor in 0.00 ms.
Invoked RoslynAnalysisRunner static constructor.
RoslynAnalysisRunner will not be running.
RoslynAnalysisRunner has terminated.
Mono: successfully reloaded assembly
- Completed reload, in  0.941 seconds
Platform modules already initialized, skipping
Refreshing native plugins compatible for Editor in 0.37 ms, found 0 plugins.
Preloading 0 native plugins for Editor in 0.00 ms.
Unloading 1228 Unused Serialized files (Serialized files now loaded: 0)
System memory in use before: 77.4 MB.
System memory in use after: 77.5 MB.

Unloading 6 unused Assets to reduce memory usage. Loaded Objects now: 1793.
Total: 2.099900 ms (FindLiveObjects: 0.287200 ms CreateObjectMapping: 0.073000 ms MarkObjects: 1.722100 ms  DeleteObjects: 0.016500 ms)

========================================================================
Received Import Request.
  Time since last request: 41.401793 seconds.
  path: Assets/Prefab/LevelManager.prefab
  artifactKey: Guid(936a35334af1e084aacae5c722b3d5b1) Importer(815301076,1909f56bfc062723c751e8b465ee728b)
Start importing Assets/Prefab/LevelManager.prefab using Guid(936a35334af1e084aacae5c722b3d5b1) Importer(815301076,1909f56bfc062723c751e8b465ee728b)  -> (artifact id: '6997b5e8a9bd8905ed3341ca62415678') in 0.036663 seconds
  Import took 0.040947 seconds .

========================================================================
Received Import Request.
  Time since last request: 0.055162 seconds.
  path: Assets/Prefab/LevelManager.prefab
  artifactKey: Guid(936a35334af1e084aacae5c722b3d5b1) Importer(815301076,1909f56bfc062723c751e8b465ee728b)
Start importing Assets/Prefab/LevelManager.prefab using Guid(936a35334af1e084aacae5c722b3d5b1) Importer(815301076,1909f56bfc062723c751e8b465ee728b)  -> (artifact id: '6997b5e8a9bd8905ed3341ca62415678') in 0.011092 seconds
  Import took 0.014361 seconds .

========================================================================
Received Import Request.
  Time since last request: 4.623156 seconds.
  path: Assets/Prefab/LevelManagerBeach.prefab
  artifactKey: Guid(936a35334af1e084aacae5c722b3d5b1) Importer(815301076,1909f56bfc062723c751e8b465ee728b)
Start importing Assets/Prefab/LevelManagerBeach.prefab using Guid(936a35334af1e084aacae5c722b3d5b1) Importer(815301076,1909f56bfc062723c751e8b465ee728b)  -> (artifact id: '16b5f5b3024cc5f1d08ecd1ff93300a2') in 0.009555 seconds
  Import took 0.013720 seconds .

========================================================================
Received Import Request.
  Time since last request: 8.945156 seconds.
  path: Assets/Prefab/LoseTextBeach.prefab
  artifactKey: Guid(92156ba664eac8c4996df11d4689d9b4) Importer(815301076,1909f56bfc062723c751e8b465ee728b)
Start importing Assets/Prefab/LoseTextBeach.prefab using Guid(92156ba664eac8c4996df11d4689d9b4) Importer(815301076,1909f56bfc062723c751e8b465ee728b)  -> (artifact id: 'b5b331b662e7dabf9d6f9d120f70f3e9') in 0.013016 seconds
  Import took 0.016102 seconds .

========================================================================
Received Prepare
Registering precompiled user dll's ...
Registered in 0.003159 seconds.
Begin MonoManager ReloadAssembly
Native extension for WindowsStandalone target not found
Refreshing native plugins compatible for Editor in 0.41 ms, found 0 plugins.
Preloading 0 native plugins for Editor in 0.00 ms.
Invoked RoslynAnalysisRunner static constructor.
RoslynAnalysisRunner will not be running.
RoslynAnalysisRunner has terminated.
Mono: successfully reloaded assembly
- Completed reload, in  0.999 seconds
Platform modules already initialized, skipping
Refreshing native plugins compatible for Editor in 0.39 ms, found 0 plugins.
Preloading 0 native plugins for Editor in 0.00 ms.
Unloading 1228 Unused Serialized files (Serialized files now loaded: 0)
System memory in use before: 77.4 MB.
System memory in use after: 77.5 MB.

Unloading 6 unused Assets to reduce memory usage. Loaded Objects now: 1796.
Total: 1.858500 ms (FindLiveObjects: 0.253400 ms CreateObjectMapping: 0.050800 ms MarkObjects: 1.506900 ms  DeleteObjects: 0.046200 ms)

========================================================================
Received Prepare
Registering precompiled user dll's ...
Registered in 0.002744 seconds.
Begin MonoManager ReloadAssembly
Native extension for WindowsStandalone target not found
Refreshing native plugins compatible for Editor in 0.43 ms, found 0 plugins.
Preloading 0 native plugins for Editor in 0.00 ms.
Invoked RoslynAnalysisRunner static constructor.
RoslynAnalysisRunner will not be running.
RoslynAnalysisRunner has terminated.
Mono: successfully reloaded assembly
- Completed reload, in  1.052 seconds
Platform modules already initialized, skipping
Refreshing native plugins compatible for Editor in 0.41 ms, found 0 plugins.
Preloading 0 native plugins for Editor in 0.00 ms.
Unloading 1228 Unused Serialized files (Serialized files now loaded: 0)
System memory in use before: 77.4 MB.
System memory in use after: 77.5 MB.

Unloading 6 unused Assets to reduce memory usage. Loaded Objects now: 1799.
Total: 2.164600 ms (FindLiveObjects: 0.270600 ms CreateObjectMapping: 0.142000 ms MarkObjects: 1.733100 ms  DeleteObjects: 0.017600 ms)

========================================================================
Received Prepare
Registering precompiled user dll's ...
Registered in 0.003090 seconds.
Begin MonoManager ReloadAssembly
Native extension for WindowsStandalone target not found
Refreshing native plugins compatible for Editor in 0.41 ms, found 0 plugins.
Preloading 0 native plugins for Editor in 0.00 ms.
Invoked RoslynAnalysisRunner static constructor.
RoslynAnalysisRunner will not be running.
RoslynAnalysisRunner has terminated.
Mono: successfully reloaded assembly
- Completed reload, in  0.949 seconds
Platform modules already initialized, skipping
Refreshing native plugins compatible for Editor in 0.52 ms, found 0 plugins.
Preloading 0 native plugins for Editor in 0.00 ms.
Unloading 1228 Unused Serialized files (Serialized files now loaded: 0)
System memory in use before: 77.4 MB.
System memory in use after: 77.5 MB.

Unloading 6 unused Assets to reduce memory usage. Loaded Objects now: 1802.
Total: 2.713500 ms (FindLiveObjects: 0.312800 ms CreateObjectMapping: 0.121100 ms MarkObjects: 2.250800 ms  DeleteObjects: 0.026100 ms)

========================================================================
Received Import Request.
  Time since last request: 2201.656874 seconds.
  path: Assets/#NVJOB Simple Water Shaders/Examples Water
  artifactKey: Guid(4146ac5414654ea39af93d5d6baa42a2) Importer(815301076,1909f56bfc062723c751e8b465ee728b)
Start importing Assets/#NVJOB Simple Water Shaders/Examples Water using Guid(4146ac5414654ea39af93d5d6baa42a2) Importer(815301076,1909f56bfc062723c751e8b465ee728b)  -> (artifact id: '09e9a117a34593948cfb4f1e0d2c2af4') in 0.016401 seconds
  Import took 0.019643 seconds .

========================================================================
Received Import Request.
  Time since last request: 1.441125 seconds.
  path: Assets/#NVJOB Simple Water Shaders/Examples Water/Materials
  artifactKey: Guid(1ce5ffdde54b4d59a8d125eb1afc9dda) Importer(815301076,1909f56bfc062723c751e8b465ee728b)
Start importing Assets/#NVJOB Simple Water Shaders/Examples Water/Materials using Guid(1ce5ffdde54b4d59a8d125eb1afc9dda) Importer(815301076,1909f56bfc062723c751e8b465ee728b)  -> (artifact id: 'a2a99421ce34d3e7f35d3954317f630e') in 0.014545 seconds
  Import took 0.018580 seconds .

========================================================================
Received Import Request.
  Time since last request: 0.000862 seconds.
  path: Assets/#NVJOB Simple Water Shaders/Examples Water/Materials
  artifactKey: Guid(1ce5ffdde54b4d59a8d125eb1afc9dda) Importer(815301076,1909f56bfc062723c751e8b465ee728b)
Start importing Assets/#NVJOB Simple Water Shaders/Examples Water/Materials using Guid(1ce5ffdde54b4d59a8d125eb1afc9dda) Importer(815301076,1909f56bfc062723c751e8b465ee728b)  -> (artifact id: 'a2a99421ce34d3e7f35d3954317f630e') in 0.005683 seconds
  Import took 0.013806 seconds .

========================================================================
Received Import Request.
  Time since last request: 1.706833 seconds.
  path: Assets/#NVJOB Simple Water Shaders/Examples Water/Materials/Water Specular.mat
  artifactKey: Guid(e04b40bf0be048be81d0021195b74e5c) Importer(815301076,1909f56bfc062723c751e8b465ee728b)
Start importing Assets/#NVJOB Simple Water Shaders/Examples Water/Materials/Water Specular.mat using Guid(e04b40bf0be048be81d0021195b74e5c) Importer(815301076,1909f56bfc062723c751e8b465ee728b)  -> (artifact id: '5c53d7fd4b161e7839061da24012f079') in 0.253303 seconds
  Import took 0.257040 seconds .

========================================================================
Received Import Request.
  Time since last request: 0.000411 seconds.
  path: Assets/#NVJOB Simple Water Shaders/Examples Water/Materials/Water Surface.mat
  artifactKey: Guid(2f339b9458d647ed9fd50143ad4fb3ad) Importer(815301076,1909f56bfc062723c751e8b465ee728b)
Start importing Assets/#NVJOB Simple Water Shaders/Examples Water/Materials/Water Surface.mat using Guid(2f339b9458d647ed9fd50143ad4fb3ad) Importer(815301076,1909f56bfc062723c751e8b465ee728b)  -> (artifact id: 'b0157bf5a1d678e2db419aaf51a238d5') in 0.346143 seconds
  Import took 0.351007 seconds .

========================================================================
Received Import Request.
  Time since last request: 1.964775 seconds.
  path: Assets/#NVJOB Simple Water Shaders/Examples Water/Materials/Textures
  artifactKey: Guid(8e0642ffa5354a9c90ab856576151242) Importer(815301076,1909f56bfc062723c751e8b465ee728b)
Start importing Assets/#NVJOB Simple Water Shaders/Examples Water/Materials/Textures using Guid(8e0642ffa5354a9c90ab856576151242) Importer(815301076,1909f56bfc062723c751e8b465ee728b)  -> (artifact id: 'd792004465549d8bfed8783cb463d3a6') in 0.010654 seconds
  Import took 0.014582 seconds .

========================================================================
Received Import Request.
  Time since last request: 0.043746 seconds.
  path: Assets/#NVJOB Simple Water Shaders/Examples Water/Materials/Textures/Cubemap.cubemap
  artifactKey: Guid(55e2009d8c11413799d68a0c219fdc22) Importer(815301076,1909f56bfc062723c751e8b465ee728b)
Start importing Assets/#NVJOB Simple Water Shaders/Examples Water/Materials/Textures/Cubemap.cubemap using Guid(55e2009d8c11413799d68a0c219fdc22) Importer(815301076,1909f56bfc062723c751e8b465ee728b)  -> (artifact id: '8b69b3a8bbd42ef20353e91921edef84') in 0.036158 seconds
  Import took 0.038737 seconds .

========================================================================
Received Import Request.
  Time since last request: 0.000322 seconds.
  path: Assets/#NVJOB Simple Water Shaders/Examples Water/Materials/Textures/Water H.png
  artifactKey: Guid(d2c21b3117b24b749844675d09a72ace) Importer(815301076,1909f56bfc062723c751e8b465ee728b)
Start importing Assets/#NVJOB Simple Water Shaders/Examples Water/Materials/Textures/Water H.png using Guid(d2c21b3117b24b749844675d09a72ace) Importer(815301076,1909f56bfc062723c751e8b465ee728b)  -> (artifact id: '6866d12484f16100012383640c3d47b5') in 0.079056 seconds
  Import took 0.081396 seconds .

========================================================================
Received Import Request.
  Time since last request: 0.000320 seconds.
  path: Assets/#NVJOB Simple Water Shaders/Examples Water/Materials/Textures/Water N 1.png
  artifactKey: Guid(0402941ce4e74e24abb686de97205888) Importer(815301076,1909f56bfc062723c751e8b465ee728b)
Start importing Assets/#NVJOB Simple Water Shaders/Examples Water/Materials/Textures/Water N 1.png using Guid(0402941ce4e74e24abb686de97205888) Importer(815301076,1909f56bfc062723c751e8b465ee728b)  -> (artifact id: 'f69bc47bdf2c547452be2f83058f7f97') in 0.022111 seconds
  Import took 0.024429 seconds .

========================================================================
Received Import Request.
  Time since last request: 0.000265 seconds.
  path: Assets/#NVJOB Simple Water Shaders/Examples Water/Materials/Textures/Water A 1.png
  artifactKey: Guid(8dfd1f80c63a4d9e8e649a0b29ad9cb9) Importer(815301076,1909f56bfc062723c751e8b465ee728b)
Start importing Assets/#NVJOB Simple Water Shaders/Examples Water/Materials/Textures/Water A 1.png using Guid(8dfd1f80c63a4d9e8e649a0b29ad9cb9) Importer(815301076,1909f56bfc062723c751e8b465ee728b)  -> (artifact id: '5b063e2ce921559f7ebd967d6b35d4fc') in 0.018352 seconds
  Import took 0.021532 seconds .

========================================================================
Received Import Request.
  Time since last request: 0.000366 seconds.
  path: Assets/#NVJOB Simple Water Shaders/Examples Water/Materials/Textures/Water A 0.png
  artifactKey: Guid(c0b6bf8318ac49428d178d00fb333969) Importer(815301076,1909f56bfc062723c751e8b465ee728b)
Start importing Assets/#NVJOB Simple Water Shaders/Examples Water/Materials/Textures/Water A 0.png using Guid(c0b6bf8318ac49428d178d00fb333969) Importer(815301076,1909f56bfc062723c751e8b465ee728b)  -> (artifact id: 'c4fd6b6a2ed9accc135032943aaf2223') in 0.017463 seconds
  Import took 0.020355 seconds .

========================================================================
Received Import Request.
  Time since last request: 0.000257 seconds.
  path: Assets/#NVJOB Simple Water Shaders/Examples Water/Materials/Textures/Water N 0.png
  artifactKey: Guid(caecb7663e614c0e8d1cf595085ee759) Importer(815301076,1909f56bfc062723c751e8b465ee728b)
Start importing Assets/#NVJOB Simple Water Shaders/Examples Water/Materials/Textures/Water N 0.png using Guid(caecb7663e614c0e8d1cf595085ee759) Importer(815301076,1909f56bfc062723c751e8b465ee728b)  -> (artifact id: '122cb84733ea62509f9e5a7e333f663c') in 0.019492 seconds
  Import took 0.022961 seconds .

========================================================================
Received Import Request.
  Time since last request: 12.274816 seconds.
  path: Assets/#NVJOB Simple Water Shaders/Examples Water/Materials/Materials
  artifactKey: Guid(2a3364f14aa1ea14999f7669100dd988) Importer(815301076,1909f56bfc062723c751e8b465ee728b)
Start importing Assets/#NVJOB Simple Water Shaders/Examples Water/Materials/Materials using Guid(2a3364f14aa1ea14999f7669100dd988) Importer(815301076,1909f56bfc062723c751e8b465ee728b)  -> (artifact id: '5ea9bcc8d95e9a8a7f76afe20858aed6') in 0.005030 seconds
  Import took 0.007956 seconds .

========================================================================
Received Import Request.
  Time since last request: 0.073595 seconds.
  path: Assets/#NVJOB Simple Water Shaders/Examples Water/Materials/Materials/Water H.mat
  artifactKey: Guid(9ad2cf4880c6e674b8ec80009efea62e) Importer(815301076,1909f56bfc062723c751e8b465ee728b)
Start importing Assets/#NVJOB Simple Water Shaders/Examples Water/Materials/Materials/Water H.mat using Guid(9ad2cf4880c6e674b8ec80009efea62e) Importer(815301076,1909f56bfc062723c751e8b465ee728b)  -> (artifact id: '82bd08237c2c0d8984cc9727b8982a8c') in 0.014333 seconds
  Import took 0.016752 seconds .

========================================================================
Received Import Request.
  Time since last request: 0.000364 seconds.
  path: Assets/#NVJOB Simple Water Shaders/Examples Water/Materials/Materials/Water N 1.mat
  artifactKey: Guid(b6e56b294b1f46d42870ff5f05f1ad82) Importer(815301076,1909f56bfc062723c751e8b465ee728b)
Start importing Assets/#NVJOB Simple Water Shaders/Examples Water/Materials/Materials/Water N 1.mat using Guid(b6e56b294b1f46d42870ff5f05f1ad82) Importer(815301076,1909f56bfc062723c751e8b465ee728b)  -> (artifact id: 'ae3c615759c963828d6f7364a1f9bbd7') in 0.017052 seconds
  Import took 0.019630 seconds .

========================================================================
Received Import Request.
  Time since last request: 0.000325 seconds.
  path: Assets/#NVJOB Simple Water Shaders/Examples Water/Materials/Materials/Water N 0.mat
  artifactKey: Guid(9c8f10e9448cd73478b56ee0cd4d008c) Importer(815301076,1909f56bfc062723c751e8b465ee728b)
Start importing Assets/#NVJOB Simple Water Shaders/Examples Water/Materials/Materials/Water N 0.mat using Guid(9c8f10e9448cd73478b56ee0cd4d008c) Importer(815301076,1909f56bfc062723c751e8b465ee728b)  -> (artifact id: 'fb13ee3f837c9f5186ef78e259e9be56') in 0.019461 seconds
  Import took 0.022656 seconds .

========================================================================
Received Import Request.
  Time since last request: 40.090637 seconds.
  path: Assets/_DesertKits64_Sample/Materials
  artifactKey: Guid(a967945624e591b4795d0bafce47f676) Importer(815301076,1909f56bfc062723c751e8b465ee728b)
Start importing Assets/_DesertKits64_Sample/Materials using Guid(a967945624e591b4795d0bafce47f676) Importer(815301076,1909f56bfc062723c751e8b465ee728b)  -> (artifact id: 'df59eba763939e341c1962cc456f63e8') in 0.004644 seconds
  Import took 0.007364 seconds .

========================================================================
Received Import Request.
  Time since last request: 0.061380 seconds.
  path: Assets/_DesertKits64_Sample/Materials/Desert_Sand_Sample256.mat
  artifactKey: Guid(eeefa710181736c4b9737b88c2c29069) Importer(815301076,1909f56bfc062723c751e8b465ee728b)
Start importing Assets/_DesertKits64_Sample/Materials/Desert_Sand_Sample256.mat using Guid(eeefa710181736c4b9737b88c2c29069) Importer(815301076,1909f56bfc062723c751e8b465ee728b)  -> (artifact id: 'c82d6167c66c6fccf85d68bfda729f5e') in 0.269502 seconds
  Import took 0.272811 seconds .

========================================================================
Received Import Request.
  Time since last request: 0.000422 seconds.
  path: Assets/_DesertKits64_Sample/Materials/DesertKits_Sand_Sample256.mat
  artifactKey: Guid(b03fd302b02c06043a6f3bb6eadb1eea) Importer(815301076,1909f56bfc062723c751e8b465ee728b)
Start importing Assets/_DesertKits64_Sample/Materials/DesertKits_Sand_Sample256.mat using Guid(b03fd302b02c06043a6f3bb6eadb1eea) Importer(815301076,1909f56bfc062723c751e8b465ee728b)  -> (artifact id: '7abfb2de21403f736c49e39149be6a21') in 0.085111 seconds
  Import took 0.088088 seconds .

========================================================================
Received Import Request.
  Time since last request: 0.000373 seconds.
  path: Assets/_DesertKits64_Sample/Materials/DesertKitsAtlas_Sample512.mat
  artifactKey: Guid(8e6c8d4e4f05fe44b8c2d2b569a5d1bb) Importer(815301076,1909f56bfc062723c751e8b465ee728b)
Start importing Assets/_DesertKits64_Sample/Materials/DesertKitsAtlas_Sample512.mat using Guid(8e6c8d4e4f05fe44b8c2d2b569a5d1bb) Importer(815301076,1909f56bfc062723c751e8b465ee728b)  -> (artifact id: 'b06c67b143682c921e6e6e5d94836ee5') in 0.221321 seconds
  Import took 0.224375 seconds .

========================================================================
Received Import Request.
  Time since last request: 8.443027 seconds.
  path: Assets/Beach Essentials/Crown 1.mat
  artifactKey: Guid(27bcc04a29699b7498c25c168c5f16c3) Importer(815301076,1909f56bfc062723c751e8b465ee728b)
Start importing Assets/Beach Essentials/Crown 1.mat using Guid(27bcc04a29699b7498c25c168c5f16c3) Importer(815301076,1909f56bfc062723c751e8b465ee728b)  -> (artifact id: '8f1749b9a02e7faf2ba70b0b84965372') in 0.118507 seconds
  Import took 0.121119 seconds .

========================================================================
Received Import Request.
  Time since last request: 0.000531 seconds.
  path: Assets/Beach Essentials/Spider_Crown_Mesh.fbx
  artifactKey: Guid(33184009047f66d4dac6d48740ce5518) Importer(815301076,1909f56bfc062723c751e8b465ee728b)
Start importing Assets/Beach Essentials/Spider_Crown_Mesh.fbx using Guid(33184009047f66d4dac6d48740ce5518) Importer(815301076,1909f56bfc062723c751e8b465ee728b)  -> (artifact id: '078437fea2a6ab6025fa7bc1694e582c') in 0.080309 seconds
  Import took 0.083465 seconds .

========================================================================
Received Import Request.
  Time since last request: 0.000354 seconds.
  path: Assets/Beach Essentials/Crown_Spider.mat
  artifactKey: Guid(1ce859314242bdb4fbb68039283e5da4) Importer(815301076,1909f56bfc062723c751e8b465ee728b)
Start importing Assets/Beach Essentials/Crown_Spider.mat using Guid(1ce859314242bdb4fbb68039283e5da4) Importer(815301076,1909f56bfc062723c751e8b465ee728b)  -> (artifact id: 'b17028df3fa3458c90208f3da39915c9') in 0.019288 seconds
  Import took 0.022637 seconds .

========================================================================
Received Import Request.
  Time since last request: 0.000352 seconds.
  path: Assets/Beach Essentials/Crown.mat
  artifactKey: Guid(54ea6f7a3a3f64d42b4e36a4636c3595) Importer(815301076,1909f56bfc062723c751e8b465ee728b)
Start importing Assets/Beach Essentials/Crown.mat using Guid(54ea6f7a3a3f64d42b4e36a4636c3595) Importer(815301076,1909f56bfc062723c751e8b465ee728b)  -> (artifact id: '8461e81efb56554fdbe1be3bf2b75ce9') in 0.016680 seconds
  Import took 0.019897 seconds .

========================================================================
Received Import Request.
  Time since last request: 0.000411 seconds.
  path: Assets/Beach Essentials/Sword.mat
  artifactKey: Guid(d4f02e609205e6742805660d5bd5c344) Importer(815301076,1909f56bfc062723c751e8b465ee728b)
Start importing Assets/Beach Essentials/Sword.mat using Guid(d4f02e609205e6742805660d5bd5c344) Importer(815301076,1909f56bfc062723c751e8b465ee728b)  -> (artifact id: 'dcff66713f4c9d0666e7a1ab1c12790c') in 0.020546 seconds
  Import took 0.023979 seconds .

========================================================================
Received Import Request.
  Time since last request: 0.000322 seconds.
  path: Assets/Beach Essentials/Crown.mat
  artifactKey: Guid(54ea6f7a3a3f64d42b4e36a4636c3595) Importer(815301076,1909f56bfc062723c751e8b465ee728b)
Start importing Assets/Beach Essentials/Crown.mat using Guid(54ea6f7a3a3f64d42b4e36a4636c3595) Importer(815301076,1909f56bfc062723c751e8b465ee728b)  -> (artifact id: '8461e81efb56554fdbe1be3bf2b75ce9') in 0.010529 seconds
  Import took 0.013302 seconds .

========================================================================
Received Import Request.
  Time since last request: 0.003411 seconds.
  path: Assets/Beach Essentials/Sword.mat
  artifactKey: Guid(d4f02e609205e6742805660d5bd5c344) Importer(815301076,1909f56bfc062723c751e8b465ee728b)
Start importing Assets/Beach Essentials/Sword.mat using Guid(d4f02e609205e6742805660d5bd5c344) Importer(815301076,1909f56bfc062723c751e8b465ee728b)  -> (artifact id: 'dcff66713f4c9d0666e7a1ab1c12790c') in 0.011772 seconds
  Import took 0.015554 seconds .

========================================================================
Received Import Request.
  Time since last request: 1.929495 seconds.
  path: Assets/Beach Essentials/Materials
  artifactKey: Guid(8bb79b4c2ac9846548b1008429cadd73) Importer(815301076,1909f56bfc062723c751e8b465ee728b)
Start importing Assets/Beach Essentials/Materials using Guid(8bb79b4c2ac9846548b1008429cadd73) Importer(815301076,1909f56bfc062723c751e8b465ee728b)  -> (artifact id: 'd90228bae412eb75a49190decc741e1a') in 0.004713 seconds
  Import took 0.007433 seconds .

========================================================================
Received Import Request.
  Time since last request: 0.057435 seconds.
  path: Assets/Beach Essentials/Materials/BeachBall1.mat
  artifactKey: Guid(75d4a74b69bb54a4cb36b3d1754fb6f1) Importer(815301076,1909f56bfc062723c751e8b465ee728b)
Start importing Assets/Beach Essentials/Materials/BeachBall1.mat using Guid(75d4a74b69bb54a4cb36b3d1754fb6f1) Importer(815301076,1909f56bfc062723c751e8b465ee728b)  -> (artifact id: '83aba406983c458e6718cc8f3e43d67b') in 0.018773 seconds
  Import took 0.022504 seconds .

========================================================================
Received Import Request.
  Time since last request: 0.000304 seconds.
  path: Assets/Beach Essentials/Materials/WhitePlastic 2.mat
  artifactKey: Guid(97ada3cbe8c0640b2847fa7b7916757d) Importer(815301076,1909f56bfc062723c751e8b465ee728b)
Start importing Assets/Beach Essentials/Materials/WhitePlastic 2.mat using Guid(97ada3cbe8c0640b2847fa7b7916757d) Importer(815301076,1909f56bfc062723c751e8b465ee728b)  -> (artifact id: 'd9392cef2261d35e108777d8fcec787a') in 0.124662 seconds
  Import took 0.127145 seconds .

========================================================================
Received Import Request.
  Time since last request: 0.000281 seconds.
  path: Assets/Beach Essentials/Materials/BeachSky.mat
  artifactKey: Guid(26093e06623964a08b877b28306de052) Importer(815301076,1909f56bfc062723c751e8b465ee728b)
Start importing Assets/Beach Essentials/Materials/BeachSky.mat using Guid(26093e06623964a08b877b28306de052) Importer(815301076,1909f56bfc062723c751e8b465ee728b)  -> (artifact id: 'fdae8adb5f640d494bcef4d3c1b2fb6f') in 0.019224 seconds
  Import took 0.022575 seconds .

========================================================================
Received Import Request.
  Time since last request: 0.000360 seconds.
  path: Assets/Beach Essentials/Materials/Surfboard2.mat
  artifactKey: Guid(c75328459bad64f998651ef2b233fb40) Importer(815301076,1909f56bfc062723c751e8b465ee728b)
Start importing Assets/Beach Essentials/Materials/Surfboard2.mat using Guid(c75328459bad64f998651ef2b233fb40) Importer(815301076,1909f56bfc062723c751e8b465ee728b)  -> (artifact id: '322a5dcc390624412b1e77c15e18db69') in 0.020156 seconds
  Import took 0.023173 seconds .

========================================================================
Received Import Request.
  Time since last request: 0.000311 seconds.
  path: Assets/Beach Essentials/Materials/Surfboard3.mat
  artifactKey: Guid(0ad6a4824b3774ac291f37f576322037) Importer(815301076,1909f56bfc062723c751e8b465ee728b)
Start importing Assets/Beach Essentials/Materials/Surfboard3.mat using Guid(0ad6a4824b3774ac291f37f576322037) Importer(815301076,1909f56bfc062723c751e8b465ee728b)  -> (artifact id: '183adc4aee4f13083f6bf91bccfe9a79') in 0.020448 seconds
  Import took 0.024544 seconds .

========================================================================
Received Import Request.
  Time since last request: 0.000295 seconds.
  path: Assets/Beach Essentials/Materials/Fabric3.mat
  artifactKey: Guid(fe9dbc30a401e48a588e7f750038f554) Importer(815301076,1909f56bfc062723c751e8b465ee728b)
Start importing Assets/Beach Essentials/Materials/Fabric3.mat using Guid(fe9dbc30a401e48a588e7f750038f554) Importer(815301076,1909f56bfc062723c751e8b465ee728b)  -> (artifact id: '5f2c8591176da0d2b2261a6f2fbabf13') in 0.204617 seconds
  Import took 0.207456 seconds .

========================================================================
Received Import Request.
  Time since last request: 0.000274 seconds.
  path: Assets/Beach Essentials/Materials/BeachBall2.mat
  artifactKey: Guid(a600b4815c5bb415685973f956343f12) Importer(815301076,1909f56bfc062723c751e8b465ee728b)
Start importing Assets/Beach Essentials/Materials/BeachBall2.mat using Guid(a600b4815c5bb415685973f956343f12) Importer(815301076,1909f56bfc062723c751e8b465ee728b)  -> (artifact id: 'a2c485cd2b526174064a6ea6853d27e7') in 0.016907 seconds
  Import took 0.019442 seconds .

========================================================================
Received Import Request.
  Time since last request: 0.000313 seconds.
  path: Assets/Beach Essentials/Materials/WhiteFaric.mat
  artifactKey: Guid(9adef8f06f4ce49ec83bbe26b0ec3e12) Importer(815301076,1909f56bfc062723c751e8b465ee728b)
Start importing Assets/Beach Essentials/Materials/WhiteFaric.mat using Guid(9adef8f06f4ce49ec83bbe26b0ec3e12) Importer(815301076,1909f56bfc062723c751e8b465ee728b)  -> (artifact id: '4455d74134b928dd11e48dee67552d53') in 0.019878 seconds
  Import took 0.023239 seconds .

========================================================================
Received Import Request.
  Time since last request: 0.000322 seconds.
  path: Assets/Beach Essentials/Materials/Fabric8.mat
  artifactKey: Guid(9c3f373e8bdbb4b308dc4785f9fd3cf3) Importer(815301076,1909f56bfc062723c751e8b465ee728b)
Start importing Assets/Beach Essentials/Materials/Fabric8.mat using Guid(9c3f373e8bdbb4b308dc4785f9fd3cf3) Importer(815301076,1909f56bfc062723c751e8b465ee728b)  -> (artifact id: '182405339b6a06db2978ae85b220f313') in 0.020402 seconds
  Import took 0.023660 seconds .

========================================================================
Received Import Request.
  Time since last request: 0.000322 seconds.
  path: Assets/Beach Essentials/Materials/Chrome.mat
  artifactKey: Guid(41072158194174af7ae91b0a3e174ad1) Importer(815301076,1909f56bfc062723c751e8b465ee728b)
Start importing Assets/Beach Essentials/Materials/Chrome.mat using Guid(41072158194174af7ae91b0a3e174ad1) Importer(815301076,1909f56bfc062723c751e8b465ee728b)  -> (artifact id: '54cfc5560206078c8a03e2c48dc7ec61') in 0.018658 seconds
  Import took 0.022232 seconds .

========================================================================
Received Import Request.
  Time since last request: 0.000506 seconds.
  path: Assets/Beach Essentials/Materials/Fabric5.mat
  artifactKey: Guid(d712a291794654f418746ad05b334dde) Importer(815301076,1909f56bfc062723c751e8b465ee728b)
Start importing Assets/Beach Essentials/Materials/Fabric5.mat using Guid(d712a291794654f418746ad05b334dde) Importer(815301076,1909f56bfc062723c751e8b465ee728b)  -> (artifact id: 'e0148bcb87de2b16ef8e8143db8befef') in 0.021212 seconds
  Import took 0.025091 seconds .

========================================================================
Received Import Request.
  Time since last request: 0.000292 seconds.
  path: Assets/Beach Essentials/Materials/Sand 1.mat
  artifactKey: Guid(3af64082e921c41879686609e4abf04e) Importer(815301076,1909f56bfc062723c751e8b465ee728b)
Start importing Assets/Beach Essentials/Materials/Sand 1.mat using Guid(3af64082e921c41879686609e4abf04e) Importer(815301076,1909f56bfc062723c751e8b465ee728b)  -> (artifact id: '01e4f301a0477f8477760bf3daedeff3') in 0.021955 seconds
  Import took 0.025343 seconds .

========================================================================
Received Import Request.
  Time since last request: 0.000309 seconds.
  path: Assets/Beach Essentials/Materials/Posts.mat
  artifactKey: Guid(3985ea8d37a144d8ea14e1b990323cb4) Importer(815301076,1909f56bfc062723c751e8b465ee728b)
Start importing Assets/Beach Essentials/Materials/Posts.mat using Guid(3985ea8d37a144d8ea14e1b990323cb4) Importer(815301076,1909f56bfc062723c751e8b465ee728b)  -> (artifact id: 'f15e4605a3d62a9050bba51d8c49e668') in 0.020491 seconds
  Import took 0.024205 seconds .

========================================================================
Received Import Request.
  Time since last request: 0.000365 seconds.
  path: Assets/Beach Essentials/Materials/Lifeguardsign.mat
  artifactKey: Guid(8f15b41e787a846bca9f97ace068ce58) Importer(815301076,1909f56bfc062723c751e8b465ee728b)
Start importing Assets/Beach Essentials/Materials/Lifeguardsign.mat using Guid(8f15b41e787a846bca9f97ace068ce58) Importer(815301076,1909f56bfc062723c751e8b465ee728b)  -> (artifact id: '9bbc09aec15028e135959841608d01ff') in 0.020862 seconds
  Import took 0.024307 seconds .

========================================================================
Received Import Request.
  Time since last request: 0.000414 seconds.
  path: Assets/Beach Essentials/Materials/WhiteMetal.mat
  artifactKey: Guid(884a832ee5d774caf9f79c343345c662) Importer(815301076,1909f56bfc062723c751e8b465ee728b)
Start importing Assets/Beach Essentials/Materials/WhiteMetal.mat using Guid(884a832ee5d774caf9f79c343345c662) Importer(815301076,1909f56bfc062723c751e8b465ee728b)  -> (artifact id: '1ac613e07d911b1360bfe6780f9c1e9c') in 0.018906 seconds
  Import took 0.022136 seconds .

========================================================================
Received Import Request.
  Time since last request: 0.000279 seconds.
  path: Assets/Beach Essentials/Materials/Fabric2.mat
  artifactKey: Guid(8fd939acca2474f6fb6e9875621db1c3) Importer(815301076,1909f56bfc062723c751e8b465ee728b)
Start importing Assets/Beach Essentials/Materials/Fabric2.mat using Guid(8fd939acca2474f6fb6e9875621db1c3) Importer(815301076,1909f56bfc062723c751e8b465ee728b)  -> (artifact id: '924e7086bf506481047db70a99388fd2') in 0.020749 seconds
  Import took 0.023863 seconds .

========================================================================
Received Import Request.
  Time since last request: 0.000319 seconds.
  path: Assets/Beach Essentials/Materials/Lifeguardsign 1.mat
  artifactKey: Guid(12b4978b5b978488b8551215b2bf31aa) Importer(815301076,1909f56bfc062723c751e8b465ee728b)
Start importing Assets/Beach Essentials/Materials/Lifeguardsign 1.mat using Guid(12b4978b5b978488b8551215b2bf31aa) Importer(815301076,1909f56bfc062723c751e8b465ee728b)  -> (artifact id: 'f7413680e2ac3a4a8c3db4553b573a33') in 0.019618 seconds
  Import took 0.022488 seconds .

========================================================================
Received Import Request.
  Time since last request: 0.000321 seconds.
  path: Assets/Beach Essentials/Materials/RedFabric.mat
  artifactKey: Guid(ab3002cc8d859499ca0396944e01a510) Importer(815301076,1909f56bfc062723c751e8b465ee728b)
Start importing Assets/Beach Essentials/Materials/RedFabric.mat using Guid(ab3002cc8d859499ca0396944e01a510) Importer(815301076,1909f56bfc062723c751e8b465ee728b)  -> (artifact id: '54f9c6a317baeabc25394b99f2c4c4b3') in 0.019378 seconds
  Import took 0.022060 seconds .

========================================================================
Received Import Request.
  Time since last request: 0.000278 seconds.
  path: Assets/Beach Essentials/Materials/WhitePlastic 1.mat
  artifactKey: Guid(5c01bc643ce864e17a6bf4f822fcab5f) Importer(815301076,1909f56bfc062723c751e8b465ee728b)
Start importing Assets/Beach Essentials/Materials/WhitePlastic 1.mat using Guid(5c01bc643ce864e17a6bf4f822fcab5f) Importer(815301076,1909f56bfc062723c751e8b465ee728b)  -> (artifact id: 'b3e767d270ab9eae916f045b5c00a541') in 0.019236 seconds
  Import took 0.021918 seconds .

========================================================================
Received Import Request.
  Time since last request: 0.000244 seconds.
  path: Assets/Beach Essentials/Materials/Sand.mat
  artifactKey: Guid(36dc31c319681407abc2da4ddfe78a8a) Importer(815301076,1909f56bfc062723c751e8b465ee728b)
Start importing Assets/Beach Essentials/Materials/Sand.mat using Guid(36dc31c319681407abc2da4ddfe78a8a) Importer(815301076,1909f56bfc062723c751e8b465ee728b)  -> (artifact id: '4cadfdc5c851a3deafc096788d6c067d') in 0.019120 seconds
  Import took 0.022163 seconds .

========================================================================
Received Import Request.
  Time since last request: 0.000292 seconds.
  path: Assets/Beach Essentials/Materials/BlackPlastic.mat
  artifactKey: Guid(df824209ab05748989e1dd73d46b4978) Importer(815301076,1909f56bfc062723c751e8b465ee728b)
Start importing Assets/Beach Essentials/Materials/BlackPlastic.mat using Guid(df824209ab05748989e1dd73d46b4978) Importer(815301076,1909f56bfc062723c751e8b465ee728b)  -> (artifact id: 'f5d35cb4159b8df68373308a95ae1ea9') in 0.017186 seconds
  Import took 0.020702 seconds .

========================================================================
Received Import Request.
  Time since last request: 0.000255 seconds.
  path: Assets/Beach Essentials/Materials/Volleyball 1.mat
  artifactKey: Guid(ac93a65f4d73b4041a1cb8e20232cb01) Importer(815301076,1909f56bfc062723c751e8b465ee728b)
Start importing Assets/Beach Essentials/Materials/Volleyball 1.mat using Guid(ac93a65f4d73b4041a1cb8e20232cb01) Importer(815301076,1909f56bfc062723c751e8b465ee728b)  -> (artifact id: 'fd0cc2aa0fdd9d4020a20f4ced056ff8') in 0.016995 seconds
  Import took 0.019537 seconds .

========================================================================
Received Import Request.
  Time since last request: 0.000222 seconds.
  path: Assets/Beach Essentials/Materials/Fabric4.mat
  artifactKey: Guid(fb26b5aa34c5648cd8e5d98b4bd570c1) Importer(815301076,1909f56bfc062723c751e8b465ee728b)
Start importing Assets/Beach Essentials/Materials/Fabric4.mat using Guid(fb26b5aa34c5648cd8e5d98b4bd570c1) Importer(815301076,1909f56bfc062723c751e8b465ee728b)  -> (artifact id: 'db28f1a05e34561182bf383ddb6509da') in 0.018065 seconds
  Import took 0.021041 seconds .

========================================================================
Received Import Request.
  Time since last request: 0.000265 seconds.
  path: Assets/Beach Essentials/Materials/Surfboard1.mat
  artifactKey: Guid(4d7e58d296561408a9a866c4139855c0) Importer(815301076,1909f56bfc062723c751e8b465ee728b)
Start importing Assets/Beach Essentials/Materials/Surfboard1.mat using Guid(4d7e58d296561408a9a866c4139855c0) Importer(815301076,1909f56bfc062723c751e8b465ee728b)  -> (artifact id: '0f9eb8747b1ec43f51ecbcfce1e114ea') in 0.016878 seconds
  Import took 0.020014 seconds .

========================================================================
Received Import Request.
  Time since last request: 0.000238 seconds.
  path: Assets/Beach Essentials/Materials/Lifesaver.mat
  artifactKey: Guid(5b25c14862c814f9d96a6e87aa9309fb) Importer(815301076,1909f56bfc062723c751e8b465ee728b)
Start importing Assets/Beach Essentials/Materials/Lifesaver.mat using Guid(5b25c14862c814f9d96a6e87aa9309fb) Importer(815301076,1909f56bfc062723c751e8b465ee728b)  -> (artifact id: '4947fde35efa4db37477c247221a15c0') in 0.017797 seconds
  Import took 0.020969 seconds .

========================================================================
Received Import Request.
  Time since last request: 0.000293 seconds.
  path: Assets/Beach Essentials/Materials/RedPlastic.mat
  artifactKey: Guid(0b9b5e31bf5fd47ae8ad9c8ea777fd0c) Importer(815301076,1909f56bfc062723c751e8b465ee728b)
Start importing Assets/Beach Essentials/Materials/RedPlastic.mat using Guid(0b9b5e31bf5fd47ae8ad9c8ea777fd0c) Importer(815301076,1909f56bfc062723c751e8b465ee728b)  -> (artifact id: '92a54878f150ec003e8c3d28868fb667') in 0.017579 seconds
  Import took 0.020520 seconds .

========================================================================
Received Import Request.
  Time since last request: 0.000211 seconds.
  path: Assets/Beach Essentials/Materials/Fabric6.mat
  artifactKey: Guid(0b11536d6501e4d0796c15bacf8e9d9c) Importer(815301076,1909f56bfc062723c751e8b465ee728b)
Start importing Assets/Beach Essentials/Materials/Fabric6.mat using Guid(0b11536d6501e4d0796c15bacf8e9d9c) Importer(815301076,1909f56bfc062723c751e8b465ee728b)  -> (artifact id: 'a3f70e4ca05003df0e120d530b8e5ae4') in 0.018016 seconds
  Import took 0.021338 seconds .

========================================================================
Received Import Request.
  Time since last request: 0.000294 seconds.
  path: Assets/Beach Essentials/Materials/Fabric1.mat
  artifactKey: Guid(e55dcda15a8784e7692545198b29d62a) Importer(815301076,1909f56bfc062723c751e8b465ee728b)
Start importing Assets/Beach Essentials/Materials/Fabric1.mat using Guid(e55dcda15a8784e7692545198b29d62a) Importer(815301076,1909f56bfc062723c751e8b465ee728b)  -> (artifact id: '1120e514dcb977cc5e1e562941271814') in 0.019418 seconds
  Import took 0.022438 seconds .

========================================================================
Received Import Request.
  Time since last request: 0.000206 seconds.
  path: Assets/Beach Essentials/Materials/Volleyball.mat
  artifactKey: Guid(4d22fd953ecfa4143bb41f29dd8db3e1) Importer(815301076,1909f56bfc062723c751e8b465ee728b)
Start importing Assets/Beach Essentials/Materials/Volleyball.mat using Guid(4d22fd953ecfa4143bb41f29dd8db3e1) Importer(815301076,1909f56bfc062723c751e8b465ee728b)  -> (artifact id: 'b5b4cefb5c49b066404a56e44b06156e') in 0.019528 seconds
  Import took 0.022031 seconds .

========================================================================
Received Import Request.
  Time since last request: 0.000237 seconds.
  path: Assets/Beach Essentials/Materials/Net.mat
  artifactKey: Guid(d966003f22d68474395c27e53d4d590f) Importer(815301076,1909f56bfc062723c751e8b465ee728b)
Start importing Assets/Beach Essentials/Materials/Net.mat using Guid(d966003f22d68474395c27e53d4d590f) Importer(815301076,1909f56bfc062723c751e8b465ee728b)  -> (artifact id: '7017483cf49578b9baecf71b749b85dd') in 0.020715 seconds
  Import took 0.023077 seconds .

========================================================================
Received Import Request.
  Time since last request: 0.000229 seconds.
  path: Assets/Beach Essentials/Materials/Fabric7.mat
  artifactKey: Guid(80c6c8e023eef4694b914e9727e889a5) Importer(815301076,1909f56bfc062723c751e8b465ee728b)
Start importing Assets/Beach Essentials/Materials/Fabric7.mat using Guid(80c6c8e023eef4694b914e9727e889a5) Importer(815301076,1909f56bfc062723c751e8b465ee728b)  -> (artifact id: '2f8c6874381d879533557bb771aa9be6') in 0.019822 seconds
  Import took 0.022708 seconds .

========================================================================
Received Import Request.
  Time since last request: 0.000268 seconds.
  path: Assets/Beach Essentials/Materials/Rope.mat
  artifactKey: Guid(0a45db726da4348389b2b4b2874befdb) Importer(815301076,1909f56bfc062723c751e8b465ee728b)
Start importing Assets/Beach Essentials/Materials/Rope.mat using Guid(0a45db726da4348389b2b4b2874befdb) Importer(815301076,1909f56bfc062723c751e8b465ee728b)  -> (artifact id: '2280e4bac85f2814ff5e5aad1a3f2513') in 0.018182 seconds
  Import took 0.021488 seconds .

========================================================================
Received Import Request.
  Time since last request: 0.000339 seconds.
  path: Assets/Beach Essentials/Materials/WhitePlastic.mat
  artifactKey: Guid(deafec7ce084d45b0b2094def4e6e184) Importer(815301076,1909f56bfc062723c751e8b465ee728b)
Start importing Assets/Beach Essentials/Materials/WhitePlastic.mat using Guid(deafec7ce084d45b0b2094def4e6e184) Importer(815301076,1909f56bfc062723c751e8b465ee728b)  -> (artifact id: '73de0edbc5a2772fd0bd891a374a4f61') in 0.019468 seconds
  Import took 0.022919 seconds .

========================================================================
Received Import Request.
  Time since last request: 26.304127 seconds.
  path: Assets/Beach Essentials/Materials/Wood1.mat
  artifactKey: Guid(e64535f49e86c4cd69e61347d9f26b07) Importer(815301076,1909f56bfc062723c751e8b465ee728b)
Start importing Assets/Beach Essentials/Materials/Wood1.mat using Guid(e64535f49e86c4cd69e61347d9f26b07) Importer(815301076,1909f56bfc062723c751e8b465ee728b)  -> (artifact id: 'b7e45e2baafe5b3fb9c88c50b4215f59') in 0.034959 seconds
  Import took 0.041246 seconds .

========================================================================
Received Import Request.
  Time since last request: 0.000596 seconds.
  path: Assets/Beach Essentials/Materials/Wood3.mat
  artifactKey: Guid(ee61f71bb34b34aff8862766ec19f24b) Importer(815301076,1909f56bfc062723c751e8b465ee728b)
Start importing Assets/Beach Essentials/Materials/Wood3.mat using Guid(ee61f71bb34b34aff8862766ec19f24b) Importer(815301076,1909f56bfc062723c751e8b465ee728b)  -> (artifact id: '3d082bcf1240724f060ac51819140d75') in 0.034560 seconds
  Import took 0.039255 seconds .

========================================================================
Received Import Request.
  Time since last request: 0.000478 seconds.
  path: Assets/Beach Essentials/Materials/Wood2.mat
  artifactKey: Guid(e3872ae9fef8e4ea4bdcb6408678f5d6) Importer(815301076,1909f56bfc062723c751e8b465ee728b)
Start importing Assets/Beach Essentials/Materials/Wood2.mat using Guid(e3872ae9fef8e4ea4bdcb6408678f5d6) Importer(815301076,1909f56bfc062723c751e8b465ee728b)  -> (artifact id: '9c547093647e18ef624d0629b36a1f59') in 0.033481 seconds
  Import took 0.037337 seconds .

========================================================================
Received Prepare
Registering precompiled user dll's ...
Registered in 0.002289 seconds.
Begin MonoManager ReloadAssembly
Native extension for WindowsStandalone target not found
Refreshing native plugins compatible for Editor in 0.42 ms, found 0 plugins.
Preloading 0 native plugins for Editor in 0.00 ms.
Invoked RoslynAnalysisRunner static constructor.
RoslynAnalysisRunner will not be running.
RoslynAnalysisRunner has terminated.
Mono: successfully reloaded assembly
- Completed reload, in  1.057 seconds
Platform modules already initialized, skipping
Refreshing native plugins compatible for Editor in 0.51 ms, found 0 plugins.
Preloading 0 native plugins for Editor in 0.00 ms.
Unloading 1228 Unused Serialized files (Serialized files now loaded: 0)
System memory in use before: 78.0 MB.
System memory in use after: 78.0 MB.

Unloading 7 unused Assets to reduce memory usage. Loaded Objects now: 1814.
Total: 1.883300 ms (FindLiveObjects: 0.181600 ms CreateObjectMapping: 0.059100 ms MarkObjects: 1.604100 ms  DeleteObjects: 0.037400 ms)

========================================================================
Received Prepare
Registering precompiled user dll's ...
Registered in 0.002063 seconds.
Begin MonoManager ReloadAssembly
Native extension for WindowsStandalone target not found
Refreshing native plugins compatible for Editor in 0.40 ms, found 0 plugins.
Preloading 0 native plugins for Editor in 0.00 ms.
Invoked RoslynAnalysisRunner static constructor.
RoslynAnalysisRunner will not be running.
RoslynAnalysisRunner has terminated.
Mono: successfully reloaded assembly
- Completed reload, in  1.006 seconds
Platform modules already initialized, skipping
Refreshing native plugins compatible for Editor in 0.92 ms, found 0 plugins.
Preloading 0 native plugins for Editor in 0.00 ms.
Unloading 1228 Unused Serialized files (Serialized files now loaded: 0)
System memory in use before: 78.0 MB.
System memory in use after: 78.1 MB.

Unloading 6 unused Assets to reduce memory usage. Loaded Objects now: 1817.
Total: 2.061400 ms (FindLiveObjects: 0.229800 ms CreateObjectMapping: 0.080000 ms MarkObjects: 1.716600 ms  DeleteObjects: 0.034000 ms)

========================================================================
Received Prepare
Registering precompiled user dll's ...
Registered in 0.003637 seconds.
Begin MonoManager ReloadAssembly
Native extension for WindowsStandalone target not found
Refreshing native plugins compatible for Editor in 0.41 ms, found 0 plugins.
Preloading 0 native plugins for Editor in 0.00 ms.
Invoked RoslynAnalysisRunner static constructor.
RoslynAnalysisRunner will not be running.
RoslynAnalysisRunner has terminated.
Mono: successfully reloaded assembly
- Completed reload, in  0.945 seconds
Platform modules already initialized, skipping
Refreshing native plugins compatible for Editor in 0.44 ms, found 0 plugins.
Preloading 0 native plugins for Editor in 0.00 ms.
Unloading 1228 Unused Serialized files (Serialized files now loaded: 0)
System memory in use before: 78.0 MB.
System memory in use after: 78.1 MB.

Unloading 6 unused Assets to reduce memory usage. Loaded Objects now: 1820.
Total: 1.922400 ms (FindLiveObjects: 0.182300 ms CreateObjectMapping: 0.058300 ms MarkObjects: 1.665400 ms  DeleteObjects: 0.015000 ms)

========================================================================
Received Import Request.
  Time since last request: 371.223264 seconds.
  path: Assets/Prefab/StartText.prefab
  artifactKey: Guid(67e6120659e4f444793974ff0c2d27ca) Importer(815301076,1909f56bfc062723c751e8b465ee728b)
Start importing Assets/Prefab/StartText.prefab using Guid(67e6120659e4f444793974ff0c2d27ca) Importer(815301076,1909f56bfc062723c751e8b465ee728b)  -> (artifact id: '8631fe99a1d7eee9dcdd86bb25050624') in 0.101968 seconds
  Import took 0.105400 seconds .

========================================================================
Received Import Request.
  Time since last request: 15.120184 seconds.
  path: Assets/Prefab/StartTextBeach.prefab
  artifactKey: Guid(67e6120659e4f444793974ff0c2d27ca) Importer(815301076,1909f56bfc062723c751e8b465ee728b)
Start importing Assets/Prefab/StartTextBeach.prefab using Guid(67e6120659e4f444793974ff0c2d27ca) Importer(815301076,1909f56bfc062723c751e8b465ee728b)  -> (artifact id: 'b2d6f2f1b8f42f64052d233f0bbbad2d') in 0.079725 seconds
  Import took 0.084122 seconds .

========================================================================
Received Import Request.
  Time since last request: 15.300350 seconds.
  path: Assets/Prefab/WinTextBeach.prefab
  artifactKey: Guid(bec546561ec21c948bc0a969a2d986a6) Importer(815301076,1909f56bfc062723c751e8b465ee728b)
Start importing Assets/Prefab/WinTextBeach.prefab using Guid(bec546561ec21c948bc0a969a2d986a6) Importer(815301076,1909f56bfc062723c751e8b465ee728b)  -> (artifact id: 'd51a722e61f4a6cb2c45b0e4e7584182') in 0.027106 seconds
  Import took 0.031850 seconds .

========================================================================
Received Prepare
Registering precompiled user dll's ...
Registered in 0.002532 seconds.
Begin MonoManager ReloadAssembly
Native extension for WindowsStandalone target not found
Refreshing native plugins compatible for Editor in 0.71 ms, found 0 plugins.
Preloading 0 native plugins for Editor in 0.00 ms.
Invoked RoslynAnalysisRunner static constructor.
RoslynAnalysisRunner will not be running.
RoslynAnalysisRunner has terminated.
Mono: successfully reloaded assembly
- Completed reload, in  1.035 seconds
Platform modules already initialized, skipping
Refreshing native plugins compatible for Editor in 0.39 ms, found 0 plugins.
Preloading 0 native plugins for Editor in 0.00 ms.
Unloading 1228 Unused Serialized files (Serialized files now loaded: 0)
System memory in use before: 78.0 MB.
System memory in use after: 78.1 MB.

Unloading 6 unused Assets to reduce memory usage. Loaded Objects now: 1824.
Total: 3.082900 ms (FindLiveObjects: 0.279200 ms CreateObjectMapping: 0.084700 ms MarkObjects: 2.689100 ms  DeleteObjects: 0.028100 ms)

========================================================================
Received Prepare
Registering precompiled user dll's ...
Registered in 0.002134 seconds.
Begin MonoManager ReloadAssembly
Native extension for WindowsStandalone target not found
Refreshing native plugins compatible for Editor in 0.39 ms, found 0 plugins.
Preloading 0 native plugins for Editor in 0.00 ms.
Invoked RoslynAnalysisRunner static constructor.
RoslynAnalysisRunner will not be running.
RoslynAnalysisRunner has terminated.
Mono: successfully reloaded assembly
- Completed reload, in  0.919 seconds
Platform modules already initialized, skipping
Refreshing native plugins compatible for Editor in 0.45 ms, found 0 plugins.
Preloading 0 native plugins for Editor in 0.00 ms.
Unloading 1228 Unused Serialized files (Serialized files now loaded: 0)
System memory in use before: 78.0 MB.
System memory in use after: 78.1 MB.

Unloading 6 unused Assets to reduce memory usage. Loaded Objects now: 1827.
Total: 1.910800 ms (FindLiveObjects: 0.275300 ms CreateObjectMapping: 0.092000 ms MarkObjects: 1.503800 ms  DeleteObjects: 0.037000 ms)

========================================================================
Received Prepare
Registering precompiled user dll's ...
Registered in 0.002243 seconds.
Begin MonoManager ReloadAssembly
Native extension for WindowsStandalone target not found
Refreshing native plugins compatible for Editor in 0.60 ms, found 0 plugins.
Preloading 0 native plugins for Editor in 0.00 ms.
Invoked RoslynAnalysisRunner static constructor.
RoslynAnalysisRunner will not be running.
RoslynAnalysisRunner has terminated.
Mono: successfully reloaded assembly
- Completed reload, in  0.970 seconds
Platform modules already initialized, skipping
Refreshing native plugins compatible for Editor in 0.42 ms, found 0 plugins.
Preloading 0 native plugins for Editor in 0.00 ms.
Unloading 1228 Unused Serialized files (Serialized files now loaded: 0)
System memory in use before: 78.0 MB.
System memory in use after: 78.1 MB.

Unloading 6 unused Assets to reduce memory usage. Loaded Objects now: 1830.
Total: 3.638300 ms (FindLiveObjects: 0.385800 ms CreateObjectMapping: 0.124700 ms MarkObjects: 3.102300 ms  DeleteObjects: 0.023600 ms)

========================================================================
Received Import Request.
  Time since last request: 270.871847 seconds.
  path: Assets/Prefab/WinTextBeach.prefab
  artifactKey: Guid(bec546561ec21c948bc0a969a2d986a6) Importer(815301076,1909f56bfc062723c751e8b465ee728b)
Start importing Assets/Prefab/WinTextBeach.prefab using Guid(bec546561ec21c948bc0a969a2d986a6) Importer(815301076,1909f56bfc062723c751e8b465ee728b)  -> (artifact id: '21de25c855661f4f804bab0e76b90337') in 0.077727 seconds
  Import took 0.080646 seconds .

========================================================================
Received Prepare
Registering precompiled user dll's ...
Registered in 0.002047 seconds.
Begin MonoManager ReloadAssembly
Native extension for WindowsStandalone target not found
Refreshing native plugins compatible for Editor in 0.38 ms, found 0 plugins.
Preloading 0 native plugins for Editor in 0.00 ms.
Invoked RoslynAnalysisRunner static constructor.
RoslynAnalysisRunner will not be running.
RoslynAnalysisRunner has terminated.
Mono: successfully reloaded assembly
- Completed reload, in  0.939 seconds
Platform modules already initialized, skipping
Refreshing native plugins compatible for Editor in 0.39 ms, found 0 plugins.
Preloading 0 native plugins for Editor in 0.00 ms.
Unloading 1228 Unused Serialized files (Serialized files now loaded: 0)
System memory in use before: 78.0 MB.
System memory in use after: 78.1 MB.

Unloading 6 unused Assets to reduce memory usage. Loaded Objects now: 1834.
Total: 1.788400 ms (FindLiveObjects: 0.159100 ms CreateObjectMapping: 0.043400 ms MarkObjects: 1.570700 ms  DeleteObjects: 0.014100 ms)

AssetImportWorkerClient::OnTransportError - code=2 error=End of file
